<?xml version="1.0" encoding="UTF-8"?>
<!-- Generated by org.testng.reporters.JUnitXMLReporter -->
<testsuite ignored="6" hostname="LAPTOP-RO130BG1" failures="0" tests="1" name="Default test" time="11.508" errors="0" timestamp="2023-10-03T03:28:04 IST">
  <testcase classname="com.qa.test.NotesTest" name="verifyEditNote" time="5.713"/>
  <testcase classname="com.qa.test.NotesTest" name="verifySearchNoRecord" time="0.0">
    <ignored/>
  </testcase> <!-- verifySearchNoRecord -->
  <testcase classname="com.qa.test.NotesTest" name="verifyAddNotes" time="0.0">
    <ignored/>
  </testcase> <!-- verifyAddNotes -->
  <testcase classname="com.qa.test.NotesTest" name="verifyHideColumn" time="0.0">
    <ignored/>
  </testcase> <!-- verifyHideColumn -->
  <testcase classname="com.qa.test.NotesTest" name="verifyDisplayCount" time="0.0">
    <ignored/>
  </testcase> <!-- verifyDisplayCount -->
  <testcase classname="com.qa.test.NotesTest" name="verifyDeleteNote" time="0.0">
    <ignored/>
  </testcase> <!-- verifyDeleteNote -->
  <testcase classname="com.qa.test.NotesTest" name="verifySearch" time="0.0">
    <ignored/>
  </testcase> <!-- verifySearch -->
</testsuite> <!-- Default test -->
