<?xml version="1.0" encoding="UTF-8"?>
<testng-results ignored="0" total="1" passed="1" failed="0" skipped="0">
  <reporter-output>
  </reporter-output>
  <suite started-at="2023-10-03T03:27:52 IST" name="Default suite" finished-at="2023-10-03T03:28:04 IST" duration-ms="11508">
    <groups>
    </groups>
    <test started-at="2023-10-03T03:27:52 IST" name="Default test" finished-at="2023-10-03T03:28:04 IST" duration-ms="11508">
      <class name="com.qa.test.NotesTest">
        <test-method is-config="true" signature="beforeMethod(java.lang.String)[pri:0, instance:com.qa.test.NotesTest@536f2a7e]" started-at="2023-10-03T03:27:52 IST" name="beforeMethod" finished-at="2023-10-03T03:27:58 IST" duration-ms="5703" status="PASS">
          <params>
            <param index="0">
              <value>
                <![CDATA[chrome]]>
              </value>
            </param>
          </params>
          <reporter-output>
          </reporter-output>
        </test-method> <!-- beforeMethod -->
        <test-method signature="verifyEditNote()[pri:4, instance:com.qa.test.NotesTest@536f2a7e]" started-at="2023-10-03T03:27:58 IST" name="verifyEditNote" finished-at="2023-10-03T03:28:04 IST" duration-ms="5713" status="PASS">
          <reporter-output>
          </reporter-output>
        </test-method> <!-- verifyEditNote -->
        <test-method is-config="true" signature="takeScreenShotOnFailure(org.testng.ITestResult)[pri:0, instance:com.qa.test.NotesTest@536f2a7e]" started-at="2023-10-03T03:28:04 IST" name="takeScreenShotOnFailure" finished-at="2023-10-03T03:28:04 IST" duration-ms="0" status="PASS">
          <params>
            <param index="0">
              <value>
                <![CDATA[[TestResult name=verifyEditNote status=SUCCESS method=NotesTest.verifyEditNote()[pri:4, instance:com.qa.test.NotesTest@536f2a7e] output={null}]]]>
              </value>
            </param>
          </params>
          <reporter-output>
          </reporter-output>
        </test-method> <!-- takeScreenShotOnFailure -->
      </class> <!-- com.qa.test.NotesTest -->
    </test> <!-- Default test -->
  </suite> <!-- Default suite -->
</testng-results>
